    OpenRGB v0.7
    Commit:  from 
    Launched: 20220102_120932
====================================================================================================

1000  |Info:    ------------------------------------------------------
1000  |Info:    |               Start device detection               |
1000  |Info:    ------------------------------------------------------
1001  |Info:    Initializing HID interfaces: Success
1001  |Info:    ------------------------------------------------------
1001  |Info:    |             Detecting I2C interfaces               |
1001  |Info:    ------------------------------------------------------
1001  |Info:    Registering I2C interface: /dev/i2c-3 Device 10DE:2503 Subsystem: 19DA:4630
1001  |Info:    Registering I2C interface: /dev/i2c-8 Device 10DE:2503 Subsystem: 19DA:4630
1001  |Info:    Registering I2C interface: /dev/i2c-4 Device 10DE:2503 Subsystem: 19DA:4630
1002  |Info:    Registering I2C interface: /dev/i2c-0 Device 1022:790B Subsystem: 1022:790B
1002  |Info:    Registering I2C interface: /dev/i2c-5 Device 10DE:2503 Subsystem: 19DA:4630
1002  |Info:    ------------------------------------------------------
1002  |Info:    |               Detecting I2C devices                |
1002  |Info:    ------------------------------------------------------
1028  |Info:    Loading plugins
1196  |Info:    ------------------------------------------------------
1196  |Info:    |               Detecting HID devices                |
1196  |Info:    ------------------------------------------------------
1197  |Info:    [Corsair Hydro H150i Pro XT] is not initialized
1197  |Info:    [MSI Mystic Light MS_7C91] is not initialized
1197  |Info:    ------------------------------------------------------
1197  |Info:    |              Detecting other devices               |
1197  |Info:    ------------------------------------------------------
1198  |Info:    ------------------------------------------------------
1198  |Info:    |                Detection completed                 |
1198  |Info:    ------------------------------------------------------
1198  |Dialog:  <h2>WARNING:</h2><p>One or more I2C/SMBus interfaces failed to initialize.</p><p>RGB DRAM modules and some motherboards' onboard RGB lighting will not be available without I2C/SMBus.</p><p>On Linux, this is usually because the i2c-dev module is not loaded.  You must load the i2c-dev module along with the correct i2c driver for your motherboard.  This is usually i2c-piix4 for AMD systems and i2c-i801 for Intel systems.</p><p>See <a href='https://help.openrgb.org/'>help.openrgb.org</a> for additional troubleshooting steps if you keep seeing this message.<br></p>
