Mono path[0] = '/mnt/HDD/SteamLibrary/steamapps/common/Universe Sandbox 2/Universe Sandbox_Data/Managed'
Mono config path = '/mnt/HDD/SteamLibrary/steamapps/common/Universe Sandbox 2/Universe Sandbox_Data/MonoBleedingEdge/etc'
Preloaded 'libAsyncGPUReadbackPlugin.so'
Preloaded 'libPhysicsNative.so'
Preloaded 'lib_burst_generated.so'
Preloaded 'libfmod.so'
Preloaded 'libfmodL.so'
Preloaded 'libfmodstudio.so'
Preloaded 'libfmodstudioL.so'
Preloaded 'libgvraudio.so'
Preloaded 'libopenvr_api.so'
Preloaded 'libresonanceaudio.so'
Preloaded 'libsteam_api.so'
Display 0 '24G2W1G4 24"': 1920x1080 (primary device).
Display 1 '24G2W1G4 24"': 1920x1080 (secondary device).
Unable to load player prefs
Desktop is 1920 x 1080 @ 60 Hz
Initialize engine version: 2019.4.13f1 (518737b1de84)
[Subsystems] Discovering subsystems at path /mnt/HDD/SteamLibrary/steamapps/common/Universe Sandbox 2/Universe Sandbox_Data/UnitySubsystems
GfxDevice: creating device client; threaded=1
Renderer: NVIDIA GeForce RTX 3060/PCIe/SSE2
Vendor:   NVIDIA Corporation
Version:  4.5.0 NVIDIA 470.94
GLES:     0
 GL_AMD_multi_draw_indirect GL_AMD_seamless_cubemap_per_texture GL_AMD_vertex_shader_viewport_index GL_AMD_vertex_shader_layer GL_ARB_arrays_of_arrays GL_ARB_base_instance GL_ARB_bindless_texture GL_ARB_blend_func_extended GL_ARB_buffer_storage GL_ARB_clear_buffer_object GL_ARB_clear_texture GL_ARB_clip_control GL_ARB_color_buffer_float GL_ARB_compressed_texture_pixel_storage GL_ARB_conservative_depth GL_ARB_compute_shader GL_ARB_compute_variable_group_size GL_ARB_conditional_render_inverted GL_ARB_copy_buffer GL_ARB_copy_image GL_ARB_cull_distance GL_ARB_debug_output GL_ARB_depth_buffer_float GL_ARB_depth_clamp GL_ARB_depth_texture GL_ARB_derivative_control GL_ARB_direct_state_access GL_ARB_draw_buffers GL_ARB_draw_buffers_blend GL_ARB_draw_indirect GL_ARB_draw_elements_base_vertex GL_ARB_draw_instanced GL_ARB_enhanced_layouts GL_ARB_ES2_compatibility GL_ARB_ES3_compatibility GL_ARB_ES3_1_compatibility GL_ARB_ES3_2_compatibility GL_ARB_explicit_attrib_location GL_ARB_explicit_uniform_location GL_ARB_fragmen
t_coord_conventions GL_ARB_fragment_layer_viewport GL_ARB_fragment_program GL_ARB_fragment_program_shadow GL_ARB_fragment_shader GL_ARB_fragment_shader_interlock GL_ARB_framebuffer_no_attachments GL_ARB_framebuffer_object GL_ARB_framebuffer_sRGB GL_ARB_geometry_shader4 GL_ARB_get_program_binary GL_ARB_get_texture_sub_image GL_ARB_gl_spirv GL_ARB_gpu_shader5 GL_ARB_gpu_shader_fp64 GL_ARB_gpu_shader_int64 GL_ARB_half_float_pixel GL_ARB_half_float_vertex GL_ARB_imaging GL_ARB_indirect_parameters GL_ARB_instanced_arrays GL_ARB_internalformat_query GL_ARB_internalformat_query2 GL_ARB_invalidate_subdata GL_ARB_map_buffer_alignment GL_ARB_map_buffer_range GL_ARB_multi_bind GL_ARB_multi_draw_indirect GL_ARB_multisample GL_ARB_multitexture GL_ARB_occlusion_query GL_ARB_occlusion_query2 GL_ARB_parallel_shader_compile GL_ARB_pipeline_statistics_query GL_ARB_pixel_buffer_object GL_ARB_point_parameters GL_ARB_point_sprite GL_ARB_polygon_offset_clamp GL_ARB_post_depth_coverage GL_ARB_program_interface_query GL_ARB_provoki
ng_vertex GL_ARB_query_buffer_object GL_ARB_robust_buffer_access_behavior GL_ARB_robustness GL_ARB_sample_locations GL_ARB_sample_shading GL_ARB_sampler_objects GL_ARB_seamless_cube_map GL_ARB_seamless_cubemap_per_texture GL_ARB_separate_shader_objects GL_ARB_shader_atomic_counter_ops GL_ARB_shader_atomic_counters GL_ARB_shader_ballot GL_ARB_shader_bit_encoding GL_ARB_shader_clock GL_ARB_shader_draw_parameters GL_ARB_shader_group_vote GL_ARB_shader_image_load_store GL_ARB_shader_image_size GL_ARB_shader_objects GL_ARB_shader_precision GL_ARB_shader_storage_buffer_object GL_ARB_shader_subroutine GL_ARB_shader_texture_image_samples GL_ARB_shader_texture_lod GL_ARB_shading_language_100 GL_ARB_shader_viewport_layer_array GL_ARB_shading_language_420pack GL_ARB_shading_language_include GL_ARB_shading_language_packing GL_ARB_shadow GL_ARB_sparse_buffer GL_ARB_sparse_texture GL_ARB_sparse_texture2 GL_ARB_sparse_texture_clamp GL_ARB_spirv_extensions GL_ARB_stencil_texturing GL_ARB_sync GL_ARB_tessellation_shader GL_A
RB_texture_barrier GL_ARB_texture_border_clamp GL_ARB_texture_buffer_object GL_ARB_texture_buffer_object_rgb32 GL_ARB_texture_buffer_range GL_ARB_texture_compression GL_ARB_texture_compression_bptc GL_ARB_texture_compression_rgtc GL_ARB_texture_cube_map GL_ARB_texture_cube_map_array GL_ARB_texture_env_add GL_ARB_texture_env_combine GL_ARB_texture_env_crossbar GL_ARB_texture_env_dot3 GL_ARB_texture_filter_anisotropic GL_ARB_texture_filter_minmax GL_ARB_texture_float GL_ARB_texture_gather GL_ARB_texture_mirror_clamp_to_edge GL_ARB_texture_mirrored_repeat GL_ARB_texture_multisample GL_ARB_texture_non_power_of_two GL_ARB_texture_query_levels GL_ARB_texture_query_lod GL_ARB_texture_rectangle GL_ARB_texture_rg GL_ARB_texture_rgb10_a2ui GL_ARB_texture_stencil8 GL_ARB_texture_storage GL_ARB_texture_storage_multisample GL_ARB_texture_swizzle GL_ARB_texture_view GL_ARB_timer_query GL_ARB_transform_feedback2 GL_ARB_transform_feedback3 GL_ARB_transform_feedback_instanced GL_ARB_transform_feedback_overflow_query GL_ARB_t
ranspose_matrix GL_ARB_uniform_buffer_object GL_ARB_vertex_array_bgra GL_ARB_vertex_array_object GL_ARB_vertex_attrib_64bit GL_ARB_vertex_attrib_binding GL_ARB_vertex_buffer_object GL_ARB_vertex_program GL_ARB_vertex_shader GL_ARB_vertex_type_10f_11f_11f_rev GL_ARB_vertex_type_2_10_10_10_rev GL_ARB_viewport_array GL_ARB_window_pos GL_ATI_draw_buffers GL_ATI_texture_float GL_ATI_texture_mirror_once GL_S3_s3tc GL_EXT_texture_env_add GL_EXT_abgr GL_EXT_bgra GL_EXT_bindable_uniform GL_EXT_blend_color GL_EXT_blend_equation_separate GL_EXT_blend_func_separate GL_EXT_blend_minmax GL_EXT_blend_subtract GL_EXT_compiled_vertex_array GL_EXT_Cg_shader GL_EXT_depth_bounds_test GL_EXT_direct_state_access GL_EXT_draw_buffers2 GL_EXT_draw_instanced GL_EXT_draw_range_elements GL_EXT_fog_coord GL_EXT_framebuffer_blit GL_EXT_framebuffer_multisample GL_EXTX_framebuffer_mixed_formats GL_EXT_framebuffer_multisample_blit_scaled GL_EXT_framebuffer_object GL_EXT_framebuffer_sRGB GL_EXT_geometry_shader4 GL_EXT_gpu_program_parameters 
GL_EXT_gpu_shader4 GL_EXT_multi_draw_arrays GL_EXT_multiview_texture_multisample GL_EXT_multiview_timer_query GL_EXT_packed_depth_stencil GL_EXT_packed_float GL_EXT_packed_pixels GL_EXT_pixel_buffer_object GL_EXT_point_parameters GL_EXT_polygon_offset_clamp GL_EXT_post_depth_coverage GL_EXT_provoking_vertex GL_EXT_raster_multisample GL_EXT_rescale_normal GL_EXT_secondary_color GL_EXT_separate_shader_objects GL_EXT_separate_specular_color GL_EXT_shader_image_load_formatted GL_EXT_shader_image_load_store GL_EXT_shader_integer_mix GL_EXT_shadow_funcs GL_EXT_sparse_texture2 GL_EXT_stencil_two_side GL_EXT_stencil_wrap GL_EXT_texture3D GL_EXT_texture_array GL_EXT_texture_buffer_object GL_EXT_texture_compression_dxt1 GL_EXT_texture_compression_latc GL_EXT_texture_compression_rgtc GL_EXT_texture_compression_s3tc GL_EXT_texture_cube_map GL_EXT_texture_edge_clamp GL_EXT_texture_env_combine GL_EXT_texture_env_dot3 GL_EXT_texture_filter_anisotropic GL_EXT_texture_filter_minmax GL_EXT_texture_integer GL_EXT_texture_lod G
L_EXT_texture_lod_bias GL_EXT_texture_mirror_clamp GL_EXT_texture_object GL_EXT_texture_shadow_lod GL_EXT_texture_shared_exponent GL_EXT_texture_sRGB GL_EXT_texture_sRGB_R8 GL_EXT_texture_sRGB_decode GL_EXT_texture_storage GL_EXT_texture_swizzle GL_EXT_timer_query GL_EXT_transform_feedback2 GL_EXT_vertex_array GL_EXT_vertex_array_bgra GL_EXT_vertex_attrib_64bit GL_EXT_window_rectangles GL_EXT_import_sync_object GL_NV_robustness_video_memory_purge GL_IBM_rasterpos_clip GL_IBM_texture_mirrored_repeat GL_KHR_context_flush_control GL_KHR_debug GL_EXT_memory_object GL_EXT_memory_object_fd GL_NV_memory_object_sparse GL_KHR_parallel_shader_compile GL_KHR_no_error GL_KHR_robust_buffer_access_behavior GL_KHR_robustness GL_EXT_semaphore GL_EXT_semaphore_fd GL_NV_timeline_semaphore GL_KHR_shader_subgroup GL_KTX_buffer_region GL_NV_alpha_to_coverage_dither_control GL_NV_bindless_multi_draw_indirect GL_NV_bindless_multi_draw_indirect_count GL_NV_bindless_texture GL_NV_blend_equation_advanced GL_NV_blend_equation_advanced
_coherent GL_NVX_blend_equation_advanced_multi_draw_buffers GL_NV_blend_minmax_factor GL_NV_blend_square GL_NV_clip_space_w_scaling GL_NV_command_list GL_NV_compute_program5 GL_NV_compute_shader_derivatives GL_NV_conditional_render GL_NV_conservative_raster GL_NV_conservative_raster_dilate GL_NV_conservative_raster_pre_snap GL_NV_conservative_raster_pre_snap_triangles GL_NV_conservative_raster_underestimation GL_NV_copy_depth_to_color GL_NV_copy_image GL_NV_depth_buffer_float GL_NV_depth_clamp GL_NV_draw_texture GL_NV_draw_vulkan_image GL_NV_ES1_1_compatibility GL_NV_ES3_1_compatibility GL_NV_explicit_multisample GL_NV_feature_query GL_NV_fence GL_NV_fill_rectangle GL_NV_float_buffer GL_NV_fog_distance GL_NV_fragment_coverage_to_color GL_NV_fragment_program GL_NV_fragment_program_option GL_NV_fragment_program2 GL_NV_fragment_shader_barycentric GL_NV_fragment_shader_interlock GL_NV_framebuffer_mixed_samples GL_NV_framebuffer_multisample_coverage GL_NV_geometry_shader4 GL_NV_geometry_shader_passthrough GL_NV_g
pu_program4 GL_NV_internalformat_sample_query GL_NV_gpu_program4_1 GL_NV_gpu_program5 GL_NV_gpu_program5_mem_extended GL_NV_gpu_program_fp64 GL_NV_gpu_shader5 GL_NV_half_float GL_NV_light_max_exponent GL_NV_memory_attachment GL_NV_mesh_shader GL_NV_multisample_coverage GL_NV_multisample_filter_hint GL_NV_occlusion_query GL_NV_packed_depth_stencil GL_NV_parameter_buffer_object GL_NV_parameter_buffer_object2 GL_NV_path_rendering GL_NV_path_rendering_shared_edge GL_NV_pixel_data_range GL_NV_point_sprite GL_NV_primitive_restart GL_NV_primitive_shading_rate GL_NV_query_resource GL_NV_query_resource_tag GL_NV_register_combiners GL_NV_register_combiners2 GL_NV_representative_fragment_test GL_NV_sample_locations GL_NV_sample_mask_override_coverage GL_NV_scissor_exclusive GL_NV_shader_atomic_counters GL_NV_shader_atomic_float GL_NV_shader_atomic_float64 GL_NV_shader_atomic_fp16_vector GL_NV_shader_atomic_int64 GL_NV_shader_buffer_load GL_NV_shader_storage_buffer_object GL_NV_shader_subgroup_partitioned GL_NV_shader_t
exture_footprint GL_NV_shading_rate_image GL_NV_stereo_view_rendering GL_NV_texgen_reflection GL_NV_texture_barrier GL_NV_texture_compression_vtc GL_NV_texture_dirty_tile_map GL_NV_texture_env_combine4 GL_NV_texture_multisample GL_NV_texture_rectangle GL_NV_texture_rectangle_compressed GL_NV_texture_shader GL_NV_texture_shader2 GL_NV_texture_shader3 GL_NV_transform_feedback GL_NV_transform_feedback2 GL_NV_uniform_buffer_unified_memory GL_NV_vdpau_interop GL_NV_vdpau_interop2 GL_NV_vertex_array_range GL_NV_vertex_array_range2 GL_NV_vertex_attrib_integer_64bit GL_NV_vertex_buffer_unified_memory GL_NV_vertex_program GL_NV_vertex_program1_1 GL_NV_vertex_program2 GL_NV_vertex_program2_option GL_NV_vertex_program3 GL_NV_viewport_array2 GL_NV_viewport_swizzle GL_NVX_conditional_render GL_NV_gpu_multicast GL_NVX_progress_fence GL_NVX_gpu_memory_info GL_NVX_nvenc_interop GL_NV_shader_thread_group GL_NV_shader_thread_shuffle GL_KHR_blend_equation_advanced GL_KHR_blend_equation_advanced_coherent GL_OVR_multiview GL_OVR
_multiview2 GL_SGIS_generate_mipmap GL_SGIS_texture_lod GL_SGIX_depth_texture GL_SGIX_shadow GL_SUN_slice_accum
OPENGL LOG: Creating OpenGL 4.5 graphics device ; Context level  <OpenGL 4.5> ; Context handle 29144472
Begin MonoManager ReloadAssembly
- Completed reload, in  0.900 seconds
Default vsync count 0
requesting resize 1024 x 768
resizing window to 1024 x 768
Desktop is 1920 x 1080 @ 60 Hz
UnloadTime: 1.228881 ms
[Localization] Loading Language: DEV 
(Filename: ./Runtime/Export/Debug/Debug.bindings.h Line: 35)

[Localization] Loading Language: DEV 
(Filename: ./Runtime/Export/Debug/Debug.bindings.h Line: 35)

***********************************************
Universe Sandbox

Update 29.0.1  |  2021-12-23 04:08:58 | LinuxPlayer x64 (Linux 5.15 void  64bit)
System Language: English, Selected Language: N

Processor: AMD Ryzen 5 5600X 6-Core Processor - PC
Cores/Threads: 12, Memory: 15.6 GB

Graphics: NVIDIA GeForce RTX 3060/PCIe/SSE2 - Memory: 12.0 GB
Shader Model: 50, Tier: 2, SM45: No, Compute: Yes

***********************************************
 
(Filename: ./Runtime/Export/Debug/Debug.bindings.h Line: 35)

Auto canvas scale calculated: 1 
(Filename: ./Runtime/Export/Debug/Debug.bindings.h Line: 35)

Desktop is 1920 x 1080 @ 60 Hz
Initializing Google Analytics 0.2. 
(Filename: ./Runtime/Export/Debug/Debug.bindings.h Line: 35)

Desktop is 1920 x 1080 @ 60 Hz
NONFATAL: Failed to load '/home/eisezimmerman/.config/unity3d/Giant Army/Universe Sandbox/launchslots.json' 
(Filename: ./Runtime/Export/Debug/Debug.bindings.h Line: 35)

Creating new '/home/eisezimmerman/.config/unity3d/Giant Army/Universe Sandbox/settings.json' 
(Filename: ./Runtime/Export/Debug/Debug.bindings.h Line: 35)

[Localization] Loading Language: EN_US 
(Filename: ./Runtime/Export/Debug/Debug.bindings.h Line: 35)

requesting resize 1920 x 1080
Using native desktop resolution 1920 x 1080
requesting fullscreen 1920 x 1080 at 60 Hz
Desktop is 1920 x 1080 @ 60 Hz
STARTUP: LOAD IMMEDIATE START 
(Filename: ./Runtime/Export/Debug/Debug.bindings.h Line: 35)

Serialization depth limit 10 exceeded at 'RandomSystemChildGroup.SpecificBodySourceOverride'. There may be an object composition cycle in one or more of your serialized classes.

Serialization hierarchy:
11: RandomSystemChildGroup.SpecificBodySourceOverride
10: RandomSystemChildGroup.Children
9: RandomSystemChildGroup.Children
8: RandomSystemChildGroup.Children
7: RandomSystemChildGroup.Children
6: RandomSystemChildGroup.Children
5: RandomSystemChildGroup.Children
4: RandomSystemChildGroup.Children
3: RandomSystemChildGroup.Children
2: RandomSystemChildGroup.Children
1: RandomSystemChildGroup.Children
0: RandomSystemPreset.Children
 
(Filename:  Line: 128)

Serialization depth limit 10 exceeded at 'RandomSystemChildGroup.SpecificBodySourceOverride'. There may be an object composition cycle in one or more of your serialized classes.

Serialization hierarchy:
11: RandomSystemChildGroup.SpecificBodySourceOverride
10: RandomSystemChildGroup.Children
9: RandomSystemChildGroup.Children
8: RandomSystemChildGroup.Children
7: RandomSystemChildGroup.Children
6: RandomSystemChildGroup.Children
5: RandomSystemChildGroup.Children
4: RandomSystemChildGroup.Children
3: RandomSystemChildGroup.Children
2: RandomSystemChildGroup.Children
1: RandomSystemChildGroup.Children
0: RandomSystemChildGroup.Children
 
(Filename:  Line: 128)

STARTUP: LOAD IMMEDIATE END 
(Filename: ./Runtime/Export/Debug/Debug.bindings.h Line: 35)

STARTUP: LOAD MAINSCENE START 
(Filename: ./Runtime/Export/Debug/Debug.bindings.h Line: 35)

The referenced script on this Behaviour (Game Object 'Magic Leap Camera') is missing! 
(Filename:  Line: 334)

The referenced script on this Behaviour (Game Object 'Title') is missing! 
(Filename:  Line: 334)

Unloading 6 Unused Serialized files (Serialized files now loaded: 0)
UnloadTime: 0.226440 ms
UIPrefabs created 
(Filename: ./Runtime/Export/Debug/Debug.bindings.h Line: 35)

Auto canvas scale calculated: 1 
(Filename: ./Runtime/Export/Debug/Debug.bindings.h Line: 35)

Filling property pools 
(Filename: ./Runtime/Export/Debug/Debug.bindings.h Line: 35)

Setting breakpad minidump AppID = 230290
Steam_SetMinidumpSteamID:  Caching Steam ID:  76561198994733163 [API loaded no]
AddComponent with MonoBehaviour is not allowed. Create a class that derives from MonoBehaviour and add it instead.
 #0 GetStacktrace(int)
 #1 DebugStringToFile(DebugStringToFileData const&)
 #2 MonoAddComponentWithType(GameObject&, ScriptingSystemTypeObjectPtr)
 #3 GameObject_CUSTOM_Internal_AddComponentWithType(ScriptingBackendNativeObjectPtrOpaque*, ScriptingBackendNativeObjectPtrOpaque*)
 #4  (Mono JIT Code) (wrapper managed-to-native) UnityEngine.GameObject:Internal_AddComponentWithType (UnityEngine.GameObject,System.Type)
 #5  (Mono JIT Code) SteamManager:Init ()
 #6  (Mono JIT Code) SteamManager:Initialize ()
 #7  (Mono JIT Code) (wrapper runtime-invoke) object:runtime_invoke_void__this__ (object,intptr,intptr,intptr)
 #8 mono_print_method_from_ip
 #9 mono_perfcounter_foreach
 #10 mono_runtime_invoke
 #11 scripting_method_invoke(ScriptingMethodPtr, ScriptingObjectPtr, ScriptingArguments&, ScriptingExceptionPtr*, bool)
 #12 ScriptingInvocation::Invoke(ScriptingExceptionPtr*, bool)
 #13 MonoBehaviour::InvokeMethodOrCoroutineChecked(ScriptingMethodPtr, ScriptingObjectPtr, ScriptingExceptionPtr*)
 #14 MonoBehaviour::InvokeMethodOrCoroutineChecked(ScriptingMethodPtr, ScriptingObjectPtr)
 #15 MonoBehaviour::DelayedStartCall(Object*, void*)
 #16 DelayedCallManager::Update(int)
 #17 ExecutePlayerLoop(NativePlayerLoopSystem*)
 #18 ExecutePlayerLoop(NativePlayerLoopSystem*)
 #19 PlayerLoop()
 #20 PlayerMain(int, char**)
 #21 __libc_start_main
 #22 _start
 
(Filename:  Line: 62)

[Steamworks.NET] Initialization Result: Success 
(Filename: ./Runtime/Export/Debug/Debug.bindings.h Line: 35)

[Steam] Steam API Version: Unable to query - Internal: 04.28.51.07 
(Filename: ./Runtime/Export/Debug/Debug.bindings.h Line: 35)

***********************************************
Steam Build: EiscoMania | 3 | 76561198994733163 | Online

Run Count: 0 | RunCountCumulative: 0
VR Run Count: 0 | VR RunCountCumulative: 0
Run Time: NaN sec | RunTimeCumulative NaN sec
VR Run Time: NaN sec | VR RunTimeCumulative NaN sec


***********************************************
 
(Filename: ./Runtime/Export/Debug/Debug.bindings.h Line: 35)

Application.unityVersion 2019.4.13f1 
(Filename: ./Runtime/Export/Debug/Debug.bindings.h Line: 35)

Applying Auto Quality Settings 
(Filename: ./Runtime/Export/Debug/Debug.bindings.h Line: 35)

Finding Auto Settings for NVIDIA GeForce RTX 3060/PCIe/SSE2 GPU, VRAM: 12288 MB, max. texture size: 32768 MB 
(Filename: ./Runtime/Export/Debug/Debug.bindings.h Line: 35)

AMD Ryzen 5 5600X 6-Core Processor CPU, processor count: 12, RAM: 15995 MB 
(Filename: ./Runtime/Export/Debug/Debug.bindings.h Line: 35)

Shader Model: 50 
(Filename: ./Runtime/Export/Debug/Debug.bindings.h Line: 35)

Auto Set GPU Tier 2 
(Filename: ./Runtime/Export/Debug/Debug.bindings.h Line: 35)

Auto Set High CPU 
(Filename: ./Runtime/Export/Debug/Debug.bindings.h Line: 35)

Applying Auto Sim Settings 
(Filename: ./Runtime/Export/Debug/Debug.bindings.h Line: 35)

Started Simulation constructor 
(Filename: ./Runtime/Export/Debug/Debug.bindings.h Line: 35)

Creating N-Body system  
(Filename: ./Runtime/Export/Debug/Debug.bindings.h Line: 35)

Setting simulation defaults 
(Filename: ./Runtime/Export/Debug/Debug.bindings.h Line: 35)

Assigning default integration mode and integratorID  
(Filename: ./Runtime/Export/Debug/Debug.bindings.h Line: 35)

Changing gravitational constant to 6.6740831E-11 
(Filename: ./Runtime/Export/Debug/Debug.bindings.h Line: 35)

Finished simulation constructor 
(Filename: ./Runtime/Export/Debug/Debug.bindings.h Line: 35)

Base Light initialized. 
(Filename: ./Runtime/Export/Debug/Debug.bindings.h Line: 35)

Prefabs loaded in 0.002109528 seconds 
(Filename: ./Runtime/Export/Debug/Debug.bindings.h Line: 35)

[AudioSystem] Driver reported caps: Stereo 
(Filename: ./Runtime/Export/Debug/Debug.bindings.h Line: 35)

Setting GRAPHICS_TIER_3 
(Filename: ./Runtime/Export/Debug/Debug.bindings.h Line: 35)

Ambience: Reflections generated 
(Filename: ./Runtime/Export/Debug/Debug.bindings.h Line: 35)

STARTUP: LOAD MAINSCENE END 
(Filename: ./Runtime/Export/Debug/Debug.bindings.h Line: 35)

STARTUP: PRELOAD LOADING START 
(Filename: ./Runtime/Export/Debug/Debug.bindings.h Line: 35)


Unloading 9519 unused Assets to reduce memory usage. Loaded Objects now: 45760.
Total: 194.827222 ms (FindLiveObjects: 2.029952 ms CreateObjectMapping: 1.617011 ms MarkObjects: 186.357985 ms  DeleteObjects: 4.821874 ms)

Reading remote configuration file configProduction.txt 
(Filename: ./Runtime/Export/Debug/Debug.bindings.h Line: 35)

Audio: Driver reported caps: Stereo 
(Filename: ./Runtime/Export/Debug/Debug.bindings.h Line: 35)

WinOpenSim Preload 
(Filename: ./Runtime/Export/Debug/Debug.bindings.h Line: 35)

<b><color=green>Analytics: Realtime UI Tracking Enabled</color></b> 
(Filename: ./Runtime/Export/Debug/Debug.bindings.h Line: 35)

GiantArmy.Analytics.UI.GoogleEventSender | Resetting Message Count and Timer 
(Filename: ./Runtime/Export/Debug/Debug.bindings.h Line: 35)

GiantArmy.Analytics.UI.GoogleEventSender | Current Hour: 192883 | Current Message Count: 0
Reset Method: PerSession | Message Limit: 150 | Hours To Reset: 168 
(Filename: ./Runtime/Export/Debug/Debug.bindings.h Line: 35)

<b><color=green>Analytics: Stat Tracking Enabled</color></b> 
(Filename: ./Runtime/Export/Debug/Debug.bindings.h Line: 35)

STARTUP: PRELOAD LOADING END 
(Filename: ./Runtime/Export/Debug/Debug.bindings.h Line: 35)

Done filling property pools 
(Filename: ./Runtime/Export/Debug/Debug.bindings.h Line: 35)

BodyPanel Preload 
(Filename: ./Runtime/Export/Debug/Debug.bindings.h Line: 35)

WinSearch Preload 
(Filename: ./Runtime/Export/Debug/Debug.bindings.h Line: 35)

WinUIScale Preload 
(Filename: ./Runtime/Export/Debug/Debug.bindings.h Line: 35)

WinShowInputData Preload 
(Filename: ./Runtime/Export/Debug/Debug.bindings.h Line: 35)

body ID counter reset to 0 
(Filename: ./Runtime/Export/Debug/Debug.bindings.h Line: 35)

Started Simulation constructor 
(Filename: ./Runtime/Export/Debug/Debug.bindings.h Line: 35)

Creating N-Body system  
(Filename: ./Runtime/Export/Debug/Debug.bindings.h Line: 35)

Setting simulation defaults 
(Filename: ./Runtime/Export/Debug/Debug.bindings.h Line: 35)

Assigning default integration mode and integratorID  
(Filename: ./Runtime/Export/Debug/Debug.bindings.h Line: 35)

Changing gravitational constant to 6.6740831E-11 
(Filename: ./Runtime/Export/Debug/Debug.bindings.h Line: 35)

Finished simulation constructor 
(Filename: ./Runtime/Export/Debug/Debug.bindings.h Line: 35)

Initializing Simulation (2.00 sec) 
(Filename: ./Runtime/Export/Debug/Debug.bindings.h Line: 35)

Starting Initialize : setting physics engine  
(Filename: ./Runtime/Export/Debug/Debug.bindings.h Line: 35)

Highest Body Id after initialize:632 
(Filename: ./Runtime/Export/Debug/Debug.bindings.h Line: 35)

Setting tolerances.  
(Filename: ./Runtime/Export/Debug/Debug.bindings.h Line: 35)

Estimated tolerance 10000000 
(Filename: ./Runtime/Export/Debug/Debug.bindings.h Line: 35)

Complete Initialization of Simulation Solar System Using PEFRL adaptive True 
(Filename: ./Runtime/Export/Debug/Debug.bindings.h Line: 35)

Simulation loaded: Solar System (2.04 sec) 
(Filename: ./Runtime/Export/Debug/Debug.bindings.h Line: 35)

Ambience: Reflections generated 
(Filename: ./Runtime/Export/Debug/Debug.bindings.h Line: 35)

<color=lightblue>STARTUP TIME:</color> 22.4 sec 
(Filename: ./Runtime/Export/Debug/Debug.bindings.h Line: 35)

-------------------- 
(Filename: ./Runtime/Export/Debug/Debug.bindings.h Line: 35)

20:23:50 - Saving Settings 
(Filename: ./Runtime/Export/Debug/Debug.bindings.h Line: 35)

Setting up 3 worker threads for Enlighten.
  Thread -> id: 7f3a9cff8640 -> priority: 1 
  Thread -> id: 7f3a94ffe640 -> priority: 1 
  Thread -> id: 7f3a6cbfc640 -> priority: 1 
GarbageCollector disposing of ComputeBuffer. Please use ComputeBuffer.Release() or .Dispose() to manually release the buffer. 
(Filename: ./Runtime/Export/Debug/Debug.bindings.h Line: 35)

GarbageCollector disposing of ComputeBuffer. Please use ComputeBuffer.Release() or .Dispose() to manually release the buffer. 
(Filename: ./Runtime/Export/Debug/Debug.bindings.h Line: 35)

GarbageCollector disposing of ComputeBuffer. Please use ComputeBuffer.Release() or .Dispose() to manually release the buffer. 
(Filename: ./Runtime/Export/Debug/Debug.bindings.h Line: 35)

GarbageCollector disposing of ComputeBuffer. Please use ComputeBuffer.Release() or .Dispose() to manually release the buffer. 
(Filename: ./Runtime/Export/Debug/Debug.bindings.h Line: 35)

GarbageCollector disposing of ComputeBuffer. Please use ComputeBuffer.Release() or .Dispose() to manually release the buffer. 
(Filename: ./Runtime/Export/Debug/Debug.bindings.h Line: 35)

GarbageCollector disposing of ComputeBuffer. Please use ComputeBuffer.Release() or .Dispose() to manually release the buffer. 
(Filename: ./Runtime/Export/Debug/Debug.bindings.h Line: 35)

GarbageCollector disposing of ComputeBuffer. Please use ComputeBuffer.Release() or .Dispose() to manually release the buffer. 
(Filename: ./Runtime/Export/Debug/Debug.bindings.h Line: 35)

